[32musing seed 10[0m
[32musing seed 10[0m
 ============================================================
Started New Job :  0
Job specifications : 
{'plot_error_bar': True, 'niter': 151, 'max_kl': 0.01, 'job_id': 0, 'save_freq': 20, 'num_cpu': 4, 'evaluate_test': True, 'save_interim': True, 'hidden_sizes': (32, 32)}
####### Worker started #######
====== Worker finished ======
####### Worker started #######
====== Worker finished ======
####### Worker started #######
====== Worker finished ======
####### Worker started #######
====== Worker finished ======
[35m=: Compiling function f_loss[0m
[35mdone in 0.977 seconds[0m
[35m=: Compiling function f_grad[0m
[35mdone in 0.777 seconds[0m
[35m=: Compiling function f_Hx_plain[0m
[35mdone in 2.012 seconds[0m
[35m=: Compiling function f_loss_constraint[0m
[35mdone in 0.580 seconds[0m
Iter | Train MDP | Test MDP | Best (on Train) | num_traj | Episodes so far 

[ Thu Aug  4 19:00:02 2016 ] 0 5.97869524584 8.89812587284 0 400 400
####### Worker started #######
====== Worker finished ======
####### Worker started #######
====== Worker finished ======
####### Worker started #######
====== Worker finished ======
####### Worker started #######
====== Worker finished ======
[ Thu Aug  4 19:00:04 2016 ] 1 6.15118082912 9.51325079169 5.97869524584 399 799
####### Worker started #######
====== Worker finished ======
####### Worker started #######
====== Worker finished ======
####### Worker started #######
====== Worker finished ======
####### Worker started #######
====== Worker finished ======
[ Thu Aug  4 19:00:08 2016 ] 2 8.07122542175 13.9780419667 6.15118082912 399 1198
####### Worker started #######
====== Worker finished ======
####### Worker started #######
====== Worker finished ======
####### Worker started #######
====== Worker finished ======
####### Worker started #######
====== Worker finished ======
[ Thu Aug  4 19:00:11 2016 ] 3 9.57000116649 12.5090155551 8.07122542175 399 1597
####### Worker started #######
====== Worker finished ======
####### Worker started #######
====== Worker finished ======
####### Worker started #######
====== Worker finished ======
####### Worker started #######
====== Worker finished ======
[ Thu Aug  4 19:00:14 2016 ] 4 11.7704189355 14.9912576548 9.57000116649 398 1995
####### Worker started #######
====== Worker finished ======
####### Worker started #######
====== Worker finished ======
####### Worker started #######
====== Worker finished ======
####### Worker started #######
====== Worker finished ======
[ Thu Aug  4 19:00:18 2016 ] 5 17.8555090899 46.5857783593 11.7704189355 398 2393
####### Worker started #######
====== Worker finished ======
####### Worker started #######
====== Worker finished ======
####### Worker started #######
====== Worker finished ======
####### Worker started #######
====== Worker finished ======
[ Thu Aug  4 19:00:24 2016 ] 6 28.0080919456 54.4556383684 17.8555090899 396 2789
####### Worker started #######
====== Worker finished ======
####### Worker started #######
====== Worker finished ======
####### Worker started #######
====== Worker finished ======
####### Worker started #######
====== Worker finished ======
[ Thu Aug  4 19:00:29 2016 ] 7 42.4381671372 53.0368562859 28.0080919456 394 3183
####### Worker started #######
====== Worker finished ======
####### Worker started #######
====== Worker finished ======
####### Worker started #######
====== Worker finished ======
####### Worker started #######
====== Worker finished ======
[ Thu Aug  4 19:00:36 2016 ] 8 53.8441070385 78.1442032626 42.4381671372 391 3574
####### Worker started #######
====== Worker finished ======
####### Worker started #######
====== Worker finished ======
####### Worker started #######
====== Worker finished ======
####### Worker started #######
====== Worker finished ======
[ Thu Aug  4 19:00:43 2016 ] 9 77.8922944897 92.2787294702 53.8441070385 388 3962
####### Worker started #######
====== Worker finished ======
####### Worker started #######
====== Worker finished ======
####### Worker started #######
====== Worker finished ======
####### Worker started #######
====== Worker finished ======
[ Thu Aug  4 19:00:51 2016 ] 10 97.0850083008 124.664873331 77.8922944897 382 4344
####### Worker started #######
====== Worker finished ======
####### Worker started #######
====== Worker finished ======
####### Worker started #######
====== Worker finished ======
####### Worker started #######
====== Worker finished ======
[ Thu Aug  4 19:01:01 2016 ] 11 115.720452897 170.268916151 97.0850083008 378 4722
####### Worker started #######
====== Worker finished ======
####### Worker started #######
====== Worker finished ======
####### Worker started #######
====== Worker finished ======
####### Worker started #######
====== Worker finished ======
[ Thu Aug  4 19:01:13 2016 ] 12 145.077576549 194.870321303 115.720452897 373 5095
####### Worker started #######
====== Worker finished ======
####### Worker started #######
====== Worker finished ======
####### Worker started #######
====== Worker finished ======
####### Worker started #######
====== Worker finished ======
[ Thu Aug  4 19:01:27 2016 ] 13 175.855688743 203.020828132 145.077576549 367 5462
####### Worker started #######
====== Worker finished ======
####### Worker started #######
====== Worker finished ======
####### Worker started #######
====== Worker finished ======
####### Worker started #######
====== Worker finished ======
[ Thu Aug  4 19:01:45 2016 ] 14 212.086593569 271.413480609 175.855688743 359 5821
####### Worker started #######
====== Worker finished ======
####### Worker started #######
====== Worker finished ======
####### Worker started #######
====== Worker finished ======
####### Worker started #######
====== Worker finished ======
[ Thu Aug  4 19:02:04 2016 ] 15 261.940872393 297.975260587 212.086593569 351 6172
####### Worker started #######
====== Worker finished ======
####### Worker started #######
====== Worker finished ======
####### Worker started #######
====== Worker finished ======
####### Worker started #######
====== Worker finished ======
[ Thu Aug  4 19:02:22 2016 ] 16 287.182477687 294.712444339 261.940872393 339 6511
####### Worker started #######
====== Worker finished ======
####### Worker started #######
====== Worker finished ======
####### Worker started #######
====== Worker finished ======
####### Worker started #######
====== Worker finished ======
[ Thu Aug  4 19:02:42 2016 ] 17 320.089889676 342.346997185 287.182477687 333 6844
####### Worker started #######
====== Worker finished ======
####### Worker started #######
====== Worker finished ======
####### Worker started #######
====== Worker finished ======
####### Worker started #######
====== Worker finished ======
[ Thu Aug  4 19:03:03 2016 ] 18 362.062725963 363.105057118 320.089889676 326 7170
####### Worker started #######
====== Worker finished ======
####### Worker started #######
====== Worker finished ======
####### Worker started #######
====== Worker finished ======
####### Worker started #######
====== Worker finished ======
[ Thu Aug  4 19:03:26 2016 ] 19 397.698953365 387.364161021 362.062725963 316 7486
####### Worker started #######
====== Worker finished ======
####### Worker started #######
====== Worker finished ======
####### Worker started #######
====== Worker finished ======
####### Worker started #######
====== Worker finished ======
[ Thu Aug  4 19:03:56 2016 ] 20 472.659681746 420.541529982 397.698953365 308 7794
####### Worker started #######
====== Worker finished ======
####### Worker started #######
====== Worker finished ======
####### Worker started #######
====== Worker finished ======
####### Worker started #######
====== Worker finished ======
[ Thu Aug  4 19:04:37 2016 ] 21 581.850391478 519.593219548 472.659681746 290 8084
####### Worker started #######
====== Worker finished ======
####### Worker started #######
====== Worker finished ======
####### Worker started #######
====== Worker finished ======
####### Worker started #######
====== Worker finished ======
[ Thu Aug  4 19:05:30 2016 ] 22 759.052297593 605.990688562 581.850391478 265 8349
####### Worker started #######
====== Worker finished ======
####### Worker started #######
====== Worker finished ======
####### Worker started #######
====== Worker finished ======
####### Worker started #######
====== Worker finished ======
[ Thu Aug  4 19:06:16 2016 ] 23 921.740552507 629.88315188 759.052297593 223 8572
####### Worker started #######
====== Worker finished ======
####### Worker started #######
====== Worker finished ======
####### Worker started #######
====== Worker finished ======
####### Worker started #######
====== Worker finished ======
[ Thu Aug  4 19:06:56 2016 ] 24 969.02325125 623.612275472 921.740552507 185 8757
####### Worker started #######
====== Worker finished ======
####### Worker started #######
====== Worker finished ======
####### Worker started #######
====== Worker finished ======
####### Worker started #######
====== Worker finished ======
[ Thu Aug  4 19:07:37 2016 ] 25 1002.68075849 597.126069966 969.02325125 174 8931
####### Worker started #######
====== Worker finished ======
####### Worker started #######
====== Worker finished ======
####### Worker started #######
====== Worker finished ======
####### Worker started #######
====== Worker finished ======
[ Thu Aug  4 19:08:13 2016 ] 26 1046.68200583 532.95724042 1002.68075849 167 9098
####### Worker started #######
====== Worker finished ======
####### Worker started #######
====== Worker finished ======
####### Worker started #######
====== Worker finished ======
####### Worker started #######
====== Worker finished ======
[ Thu Aug  4 19:08:51 2016 ] 27 1267.77676728 559.836367217 1046.68200583 156 9254
####### Worker started #######
====== Worker finished ======
####### Worker started #######
====== Worker finished ======
####### Worker started #######
====== Worker finished ======
####### Worker started #######
====== Worker finished ======
[ Thu Aug  4 19:09:15 2016 ] 28 1228.35036804 525.880772658 1267.77676728 105 9359
####### Worker started #######
====== Worker finished ======
####### Worker started #######
====== Worker finished ======
####### Worker started #######
====== Worker finished ======
####### Worker started #######
====== Worker finished ======
[ Thu Aug  4 19:09:41 2016 ] 29 1395.97404098 556.717525287 1267.77676728 114 9473
####### Worker started #######
====== Worker finished ======
####### Worker started #######
====== Worker finished ======
####### Worker started #######
====== Worker finished ======
####### Worker started #######
====== Worker finished ======
[ Thu Aug  4 19:09:58 2016 ] 30 1314.93331974 485.42817987 1395.97404098 75 9548
####### Worker started #######
====== Worker finished ======
####### Worker started #######
====== Worker finished ======
####### Worker started #######
====== Worker finished ======
####### Worker started #######
====== Worker finished ======
[ Thu Aug  4 19:10:19 2016 ] 31 1462.92960728 513.020258545 1395.97404098 94 9642
####### Worker started #######
====== Worker finished ======
####### Worker started #######
====== Worker finished ======
####### Worker started #######
====== Worker finished ======
####### Worker started #######
====== Worker finished ======
[ Thu Aug  4 19:10:32 2016 ] 32 1523.75428197 581.859291081 1462.92960728 59 9701
####### Worker started #######
====== Worker finished ======
####### Worker started #######
====== Worker finished ======
####### Worker started #######
====== Worker finished ======
####### Worker started #######
====== Worker finished ======
[ Thu Aug  4 19:10:44 2016 ] 33 1257.98224786 587.171564308 1523.75428197 50 9751
####### Worker started #######
====== Worker finished ======
####### Worker started #######
====== Worker finished ======
####### Worker started #######
====== Worker finished ======
####### Worker started #######
====== Worker finished ======
[ Thu Aug  4 19:11:08 2016 ] 34 1507.59431544 544.74186089 1523.75428197 107 9858
####### Worker started #######
====== Worker finished ======
####### Worker started #######
====== Worker finished ======
####### Worker started #######
====== Worker finished ======
####### Worker started #######
====== Worker finished ======
[ Thu Aug  4 19:11:22 2016 ] 35 1799.83120844 509.593164652 1523.75428197 50 9908
####### Worker started #######
====== Worker finished ======
####### Worker started #######
====== Worker finished ======
####### Worker started #######
====== Worker finished ======
####### Worker started #######
====== Worker finished ======
[ Thu Aug  4 19:11:34 2016 ] 36 1576.54174834 508.040291474 1799.83120844 50 9958
####### Worker started #######
====== Worker finished ======
####### Worker started #######
====== Worker finished ======
####### Worker started #######
====== Worker finished ======
####### Worker started #######
====== Worker finished ======
[ Thu Aug  4 19:11:49 2016 ] 37 1924.30865977 499.92660964 1799.83120844 50 10008
####### Worker started #######
====== Worker finished ======
####### Worker started #######
====== Worker finished ======
####### Worker started #######
====== Worker finished ======
####### Worker started #######
====== Worker finished ======
[ Thu Aug  4 19:12:03 2016 ] 38 1846.26814743 485.268608171 1924.30865977 50 10058
####### Worker started #######
====== Worker finished ======
####### Worker started #######
====== Worker finished ======
####### Worker started #######
====== Worker finished ======
####### Worker started #######
====== Worker finished ======
[ Thu Aug  4 19:12:15 2016 ] 39 1763.9103531 444.682674313 1924.30865977 50 10108
####### Worker started #######
====== Worker finished ======
####### Worker started #######
====== Worker finished ======
####### Worker started #######
====== Worker finished ======
####### Worker started #######
====== Worker finished ======
[ Thu Aug  4 19:12:28 2016 ] 40 1608.99109363 500.293537285 1924.30865977 50 10158
####### Worker started #######
====== Worker finished ======
####### Worker started #######
====== Worker finished ======
####### Worker started #######
====== Worker finished ======
####### Worker started #######
====== Worker finished ======
[ Thu Aug  4 19:12:40 2016 ] 41 1597.53606398 504.260312107 1924.30865977 50 10208
####### Worker started #######
====== Worker finished ======
####### Worker started #######
====== Worker finished ======
####### Worker started #######
====== Worker finished ======
####### Worker started #######
====== Worker finished ======
[ Thu Aug  4 19:12:54 2016 ] 42 1969.73749096 582.926812746 1924.30865977 50 10258
####### Worker started #######
====== Worker finished ======
####### Worker started #######
====== Worker finished ======
####### Worker started #######
====== Worker finished ======
####### Worker started #######
====== Worker finished ======
[ Thu Aug  4 19:13:07 2016 ] 43 1780.1018976 546.13612369 1969.73749096 50 10308
####### Worker started #######
====== Worker finished ======
####### Worker started #######
====== Worker finished ======
####### Worker started #######
====== Worker finished ======
####### Worker started #######
====== Worker finished ======
[ Thu Aug  4 19:13:23 2016 ] 44 2190.17391191 430.66249648 1969.73749096 50 10358
####### Worker started #######
====== Worker finished ======
####### Worker started #######
====== Worker finished ======
####### Worker started #######
====== Worker finished ======
####### Worker started #######
====== Worker finished ======
[ Thu Aug  4 19:13:40 2016 ] 45 2199.04645622 541.315654164 2190.17391191 50 10408
####### Worker started #######
====== Worker finished ======
####### Worker started #######
====== Worker finished ======
####### Worker started #######
====== Worker finished ======
####### Worker started #######
====== Worker finished ======
[ Thu Aug  4 19:13:54 2016 ] 46 1885.64524518 505.141148499 2199.04645622 50 10458
####### Worker started #######
====== Worker finished ======
####### Worker started #######
====== Worker finished ======
####### Worker started #######
====== Worker finished ======
####### Worker started #######
====== Worker finished ======
[ Thu Aug  4 19:14:10 2016 ] 47 1861.00444784 505.474406834 2199.04645622 50 10508
####### Worker started #######
====== Worker finished ======
####### Worker started #######
====== Worker finished ======
####### Worker started #######
====== Worker finished ======
####### Worker started #######
====== Worker finished ======
[ Thu Aug  4 19:14:25 2016 ] 48 1943.04156403 516.955161351 2199.04645622 50 10558
####### Worker started #######
====== Worker finished ======
####### Worker started #######
====== Worker finished ======
####### Worker started #######
====== Worker finished ======
####### Worker started #######
====== Worker finished ======
[ Thu Aug  4 19:14:38 2016 ] 49 1959.43217744 487.858364711 2199.04645622 50 10608
####### Worker started #######
====== Worker finished ======
####### Worker started #######
====== Worker finished ======
####### Worker started #######
====== Worker finished ======
####### Worker started #######
====== Worker finished ======
[ Thu Aug  4 19:14:52 2016 ] 50 2083.80001447 416.30769956 2199.04645622 50 10658
####### Worker started #######
====== Worker finished ======
####### Worker started #######
====== Worker finished ======
####### Worker started #######
====== Worker finished ======
####### Worker started #######
====== Worker finished ======
[ Thu Aug  4 19:15:06 2016 ] 51 2080.83074944 414.990018292 2199.04645622 50 10708
####### Worker started #######
====== Worker finished ======
####### Worker started #######
====== Worker finished ======
####### Worker started #######
====== Worker finished ======
####### Worker started #######
====== Worker finished ======
[ Thu Aug  4 19:15:21 2016 ] 52 2184.58092279 458.516582552 2199.04645622 50 10758
####### Worker started #######
====== Worker finished ======
####### Worker started #######
====== Worker finished ======
####### Worker started #######
====== Worker finished ======
####### Worker started #######
====== Worker finished ======
[ Thu Aug  4 19:15:34 2016 ] 53 1938.70357783 423.763019269 2199.04645622 50 10808
####### Worker started #######
====== Worker finished ======
####### Worker started #######
====== Worker finished ======
####### Worker started #######
====== Worker finished ======
####### Worker started #######
====== Worker finished ======
[ Thu Aug  4 19:15:48 2016 ] 54 2220.62489603 441.80968403 2199.04645622 50 10858
####### Worker started #######
====== Worker finished ======
####### Worker started #######
====== Worker finished ======
####### Worker started #######
====== Worker finished ======
####### Worker started #######
====== Worker finished ======
[ Thu Aug  4 19:16:03 2016 ] 55 2117.94339939 405.162249206 2220.62489603 50 10908
####### Worker started #######
====== Worker finished ======
####### Worker started #######
====== Worker finished ======
####### Worker started #######
====== Worker finished ======
####### Worker started #######
====== Worker finished ======
[ Thu Aug  4 19:16:19 2016 ] 56 2369.03659364 458.22479461 2220.62489603 50 10958
####### Worker started #######
====== Worker finished ======
####### Worker started #######
====== Worker finished ======
####### Worker started #######
====== Worker finished ======
####### Worker started #######
====== Worker finished ======
[ Thu Aug  4 19:16:35 2016 ] 57 2356.04863807 470.117841599 2369.03659364 50 11008
####### Worker started #######
====== Worker finished ======
####### Worker started #######
====== Worker finished ======
####### Worker started #######
====== Worker finished ======
####### Worker started #######
====== Worker finished ======
[ Thu Aug  4 19:16:50 2016 ] 58 2298.72921926 406.685675087 2369.03659364 50 11058
####### Worker started #######
====== Worker finished ======
####### Worker started #######
====== Worker finished ======
####### Worker started #######
====== Worker finished ======
####### Worker started #######
====== Worker finished ======
[ Thu Aug  4 19:17:04 2016 ] 59 2053.10168253 551.48031313 2369.03659364 50 11108
####### Worker started #######
====== Worker finished ======
####### Worker started #######
====== Worker finished ======
####### Worker started #######
====== Worker finished ======
####### Worker started #######
====== Worker finished ======
[ Thu Aug  4 19:17:19 2016 ] 60 2138.59235479 424.678270408 2369.03659364 50 11158
####### Worker started #######
====== Worker finished ======
####### Worker started #######
====== Worker finished ======
####### Worker started #######
====== Worker finished ======
####### Worker started #######
====== Worker finished ======
[ Thu Aug  4 19:17:32 2016 ] 61 2025.53542314 413.903750093 2369.03659364 50 11208
####### Worker started #######
====== Worker finished ======
####### Worker started #######
====== Worker finished ======
####### Worker started #######
====== Worker finished ======
####### Worker started #######
====== Worker finished ======
[ Thu Aug  4 19:17:47 2016 ] 62 2496.27357897 443.78706264 2369.03659364 50 11258
####### Worker started #######
====== Worker finished ======
####### Worker started #######
====== Worker finished ======
####### Worker started #######
====== Worker finished ======
####### Worker started #######
====== Worker finished ======
[ Thu Aug  4 19:18:03 2016 ] 63 2376.93283116 404.662711389 2496.27357897 50 11308
####### Worker started #######
====== Worker finished ======
####### Worker started #######
====== Worker finished ======
####### Worker started #######
====== Worker finished ======
####### Worker started #######
====== Worker finished ======
[ Thu Aug  4 19:18:17 2016 ] 64 2127.59162387 393.442722323 2496.27357897 50 11358
####### Worker started #######
====== Worker finished ======
####### Worker started #######
====== Worker finished ======
####### Worker started #######
====== Worker finished ======
####### Worker started #######
====== Worker finished ======
[ Thu Aug  4 19:18:29 2016 ] 65 1946.58551659 383.404723641 2496.27357897 50 11408
####### Worker started #######
====== Worker finished ======
####### Worker started #######
====== Worker finished ======
####### Worker started #######
====== Worker finished ======
####### Worker started #######
====== Worker finished ======
[ Thu Aug  4 19:18:43 2016 ] 66 2217.27792109 390.52269756 2496.27357897 50 11458
####### Worker started #######
====== Worker finished ======
####### Worker started #######
====== Worker finished ======
####### Worker started #######
====== Worker finished ======
####### Worker started #######
====== Worker finished ======
[ Thu Aug  4 19:18:59 2016 ] 67 2504.30031117 421.261463131 2496.27357897 50 11508
####### Worker started #######
====== Worker finished ======
####### Worker started #######
====== Worker finished ======
####### Worker started #######
====== Worker finished ======
####### Worker started #######
====== Worker finished ======
[ Thu Aug  4 19:19:14 2016 ] 68 2563.83129727 393.429714864 2504.30031117 50 11558
####### Worker started #######
====== Worker finished ======
####### Worker started #######
====== Worker finished ======
####### Worker started #######
====== Worker finished ======
####### Worker started #######
====== Worker finished ======
[ Thu Aug  4 19:19:29 2016 ] 69 2569.89694228 387.283982092 2563.83129727 50 11608
####### Worker started #######
====== Worker finished ======
####### Worker started #######
====== Worker finished ======
####### Worker started #######
====== Worker finished ======
####### Worker started #######
====== Worker finished ======
[ Thu Aug  4 19:19:44 2016 ] 70 2398.84747116 398.002679967 2569.89694228 50 11658
####### Worker started #######
====== Worker finished ======
####### Worker started #######
====== Worker finished ======
####### Worker started #######
====== Worker finished ======
####### Worker started #######
====== Worker finished ======
[ Thu Aug  4 19:20:01 2016 ] 71 2815.23723944 413.105761958 2569.89694228 50 11708
####### Worker started #######
====== Worker finished ======
####### Worker started #######
====== Worker finished ======
####### Worker started #######
====== Worker finished ======
####### Worker started #######
====== Worker finished ======
[ Thu Aug  4 19:20:16 2016 ] 72 2491.10922623 385.258420781 2815.23723944 50 11758
####### Worker started #######
====== Worker finished ======
####### Worker started #######
====== Worker finished ======
####### Worker started #######
====== Worker finished ======
####### Worker started #######
====== Worker finished ======
[ Thu Aug  4 19:20:30 2016 ] 73 2250.96708205 451.984732915 2815.23723944 50 11808
####### Worker started #######
====== Worker finished ======
####### Worker started #######
====== Worker finished ======
####### Worker started #######
====== Worker finished ======
####### Worker started #######
====== Worker finished ======
[ Thu Aug  4 19:20:42 2016 ] 74 2008.42632759 409.11000052 2815.23723944 50 11858
####### Worker started #######
====== Worker finished ======
####### Worker started #######
====== Worker finished ======
####### Worker started #######
====== Worker finished ======
####### Worker started #######
====== Worker finished ======
[ Thu Aug  4 19:20:58 2016 ] 75 2620.96242985 412.866248207 2815.23723944 50 11908
####### Worker started #######
====== Worker finished ======
####### Worker started #######
====== Worker finished ======
####### Worker started #######
====== Worker finished ======
####### Worker started #######
====== Worker finished ======
[ Thu Aug  4 19:21:12 2016 ] 76 2418.96873487 418.17604387 2815.23723944 50 11958
####### Worker started #######
====== Worker finished ======
####### Worker started #######
====== Worker finished ======
####### Worker started #######
====== Worker finished ======
####### Worker started #######
====== Worker finished ======
[ Thu Aug  4 19:21:27 2016 ] 77 2478.39934794 380.081747843 2815.23723944 50 12008
####### Worker started #######
====== Worker finished ======
####### Worker started #######
====== Worker finished ======
####### Worker started #######
====== Worker finished ======
####### Worker started #######
====== Worker finished ======
[ Thu Aug  4 19:21:41 2016 ] 78 2166.56771427 356.241830656 2815.23723944 50 12058
####### Worker started #######
====== Worker finished ======
####### Worker started #######
====== Worker finished ======
####### Worker started #######
====== Worker finished ======
####### Worker started #######
====== Worker finished ======
[ Thu Aug  4 19:21:56 2016 ] 79 2685.43513558 360.507482825 2815.23723944 50 12108
####### Worker started #######
====== Worker finished ======
####### Worker started #######
====== Worker finished ======
####### Worker started #######
====== Worker finished ======
####### Worker started #######
====== Worker finished ======
[ Thu Aug  4 19:22:12 2016 ] 80 2577.56629596 375.691999734 2815.23723944 50 12158
####### Worker started #######
====== Worker finished ======
####### Worker started #######
====== Worker finished ======
####### Worker started #######
====== Worker finished ======
####### Worker started #######
====== Worker finished ======
[ Thu Aug  4 19:22:29 2016 ] 81 2764.69527435 358.727513975 2815.23723944 50 12208
####### Worker started #######
====== Worker finished ======
####### Worker started #######
====== Worker finished ======
####### Worker started #######
====== Worker finished ======
####### Worker started #######
====== Worker finished ======
[ Thu Aug  4 19:22:44 2016 ] 82 2523.68713964 356.980482524 2815.23723944 50 12258
####### Worker started #######
====== Worker finished ======
####### Worker started #######
====== Worker finished ======
####### Worker started #######
====== Worker finished ======
####### Worker started #######
====== Worker finished ======
[ Thu Aug  4 19:23:00 2016 ] 83 2660.74544994 365.92699947 2815.23723944 50 12308
####### Worker started #######
====== Worker finished ======
####### Worker started #######
====== Worker finished ======
####### Worker started #######
====== Worker finished ======
####### Worker started #######
====== Worker finished ======
[ Thu Aug  4 19:23:15 2016 ] 84 2854.14257604 334.812579883 2815.23723944 50 12358
####### Worker started #######
====== Worker finished ======
####### Worker started #######
====== Worker finished ======
####### Worker started #######
====== Worker finished ======
####### Worker started #######
====== Worker finished ======
[ Thu Aug  4 19:23:35 2016 ] 85 2420.1781397 372.570956872 2854.14257604 50 12408
####### Worker started #######
====== Worker finished ======
####### Worker started #######
====== Worker finished ======
####### Worker started #######
====== Worker finished ======
####### Worker started #######
====== Worker finished ======
[ Thu Aug  4 19:23:55 2016 ] 86 2611.24318408 380.224105021 2854.14257604 50 12458
####### Worker started #######
====== Worker finished ======
####### Worker started #######
====== Worker finished ======
####### Worker started #######
====== Worker finished ======
####### Worker started #######
====== Worker finished ======
[ Thu Aug  4 19:24:15 2016 ] 87 2750.23587277 404.920692463 2854.14257604 50 12508
####### Worker started #######
====== Worker finished ======
####### Worker started #######
====== Worker finished ======
####### Worker started #######
====== Worker finished ======
####### Worker started #######
====== Worker finished ======
[ Thu Aug  4 19:24:33 2016 ] 88 2620.83486765 339.875212064 2854.14257604 50 12558
####### Worker started #######
====== Worker finished ======
####### Worker started #######
====== Worker finished ======
####### Worker started #######
====== Worker finished ======
####### Worker started #######
====== Worker finished ======
[ Thu Aug  4 19:24:49 2016 ] 89 2303.25772626 375.546823621 2854.14257604 50 12608
####### Worker started #######
====== Worker finished ======
####### Worker started #######
====== Worker finished ======
####### Worker started #######
====== Worker finished ======
####### Worker started #######
====== Worker finished ======
[ Thu Aug  4 19:25:07 2016 ] 90 2618.03601474 369.166027622 2854.14257604 50 12658
####### Worker started #######
====== Worker finished ======
####### Worker started #######
====== Worker finished ======
####### Worker started #######
====== Worker finished ======
####### Worker started #######
====== Worker finished ======
[ Thu Aug  4 19:25:22 2016 ] 91 2710.32751506 414.260664715 2854.14257604 50 12708
####### Worker started #######
====== Worker finished ======
####### Worker started #######
====== Worker finished ======
####### Worker started #######
====== Worker finished ======
####### Worker started #######
====== Worker finished ======
[ Thu Aug  4 19:25:42 2016 ] 92 2702.2368153 390.360394763 2854.14257604 50 12758
####### Worker started #######
====== Worker finished ======
####### Worker started #######
====== Worker finished ======
####### Worker started #######
====== Worker finished ======
####### Worker started #######
====== Worker finished ======
[ Thu Aug  4 19:25:57 2016 ] 93 2639.48983876 386.439855223 2854.14257604 50 12808
####### Worker started #######
====== Worker finished ======
####### Worker started #######
====== Worker finished ======
####### Worker started #######
====== Worker finished ======
####### Worker started #######
====== Worker finished ======
[ Thu Aug  4 19:26:11 2016 ] 94 2598.40240101 374.278501509 2854.14257604 50 12858
####### Worker started #######
====== Worker finished ======
####### Worker started #######
====== Worker finished ======
####### Worker started #######
====== Worker finished ======
####### Worker started #######
====== Worker finished ======
[ Thu Aug  4 19:26:26 2016 ] 95 2575.5443404 391.098330982 2854.14257604 50 12908
####### Worker started #######
====== Worker finished ======
####### Worker started #######
====== Worker finished ======
####### Worker started #######
====== Worker finished ======
####### Worker started #######
====== Worker finished ======
[ Thu Aug  4 19:26:44 2016 ] 96 2870.69128723 404.99204261 2854.14257604 50 12958
####### Worker started #######
====== Worker finished ======
####### Worker started #######
====== Worker finished ======
####### Worker started #######
====== Worker finished ======
####### Worker started #######
====== Worker finished ======
[ Thu Aug  4 19:27:00 2016 ] 97 2945.18363585 411.537795627 2870.69128723 50 13008
####### Worker started #######
====== Worker finished ======
####### Worker started #######
====== Worker finished ======
####### Worker started #######
====== Worker finished ======
####### Worker started #######
====== Worker finished ======
[ Thu Aug  4 19:27:14 2016 ] 98 2836.69449242 431.849990122 2945.18363585 50 13058
####### Worker started #######
====== Worker finished ======
####### Worker started #######
====== Worker finished ======
####### Worker started #######
====== Worker finished ======
####### Worker started #######
====== Worker finished ======
[ Thu Aug  4 19:27:30 2016 ] 99 3126.43176658 398.669913102 2945.18363585 50 13108
####### Worker started #######
====== Worker finished ======
####### Worker started #######
====== Worker finished ======
####### Worker started #######
====== Worker finished ======
####### Worker started #######
====== Worker finished ======
[ Thu Aug  4 19:27:45 2016 ] 100 2816.93445023 416.648702562 3126.43176658 50 13158
####### Worker started #######
====== Worker finished ======
####### Worker started #######
====== Worker finished ======
####### Worker started #######
====== Worker finished ======
####### Worker started #######
====== Worker finished ======
[ Thu Aug  4 19:27:59 2016 ] 101 2801.82959366 411.341545752 3126.43176658 50 13208
####### Worker started #######
====== Worker finished ======
####### Worker started #######
====== Worker finished ======
####### Worker started #######
====== Worker finished ======
####### Worker started #######
====== Worker finished ======
[ Thu Aug  4 19:28:15 2016 ] 102 2894.39080916 406.838486993 3126.43176658 50 13258
####### Worker started #######
====== Worker finished ======
####### Worker started #######
====== Worker finished ======
####### Worker started #######
====== Worker finished ======
####### Worker started #######
====== Worker finished ======
[ Thu Aug  4 19:28:25 2016 ] 103 2022.43805534 424.691556251 3126.43176658 50 13308
####### Worker started #######
====== Worker finished ======
####### Worker started #######
====== Worker finished ======
####### Worker started #######
====== Worker finished ======
####### Worker started #######
====== Worker finished ======
[ Thu Aug  4 19:28:39 2016 ] 104 2193.84252823 447.307430712 3126.43176658 50 13358
####### Worker started #######
====== Worker finished ======
####### Worker started #######
====== Worker finished ======
####### Worker started #######
====== Worker finished ======
####### Worker started #######
====== Worker finished ======
[ Thu Aug  4 19:28:58 2016 ] 105 2972.42142301 447.638862188 3126.43176658 50 13408
####### Worker started #######
====== Worker finished ======
####### Worker started #######
====== Worker finished ======
####### Worker started #######
====== Worker finished ======
####### Worker started #######
====== Worker finished ======
[ Thu Aug  4 19:29:14 2016 ] 106 2913.90656472 479.62476257 3126.43176658 50 13458
####### Worker started #######
====== Worker finished ======
####### Worker started #######
====== Worker finished ======
####### Worker started #######
====== Worker finished ======
####### Worker started #######
====== Worker finished ======
[ Thu Aug  4 19:29:34 2016 ] 107 3034.93140744 449.777172784 3126.43176658 50 13508
####### Worker started #######
====== Worker finished ======
####### Worker started #######
====== Worker finished ======
####### Worker started #######
====== Worker finished ======
####### Worker started #######
====== Worker finished ======
[ Thu Aug  4 19:29:52 2016 ] 108 2874.77350493 410.023511072 3126.43176658 50 13558
####### Worker started #######
====== Worker finished ======
####### Worker started #######
====== Worker finished ======
####### Worker started #######
====== Worker finished ======
####### Worker started #######
====== Worker finished ======
[ Thu Aug  4 19:30:08 2016 ] 109 2551.23301052 455.588245877 3126.43176658 50 13608
####### Worker started #######
====== Worker finished ======
####### Worker started #######
====== Worker finished ======
####### Worker started #######
====== Worker finished ======
####### Worker started #######
====== Worker finished ======
[ Thu Aug  4 19:30:27 2016 ] 110 2685.53604205 416.386758789 3126.43176658 50 13658
####### Worker started #######
====== Worker finished ======
####### Worker started #######
====== Worker finished ======
####### Worker started #######
====== Worker finished ======
####### Worker started #######
====== Worker finished ======
[ Thu Aug  4 19:30:45 2016 ] 111 2840.08400889 449.231007279 3126.43176658 50 13708
####### Worker started #######
====== Worker finished ======
####### Worker started #######
====== Worker finished ======
####### Worker started #######
====== Worker finished ======
####### Worker started #######
====== Worker finished ======
[ Thu Aug  4 19:31:02 2016 ] 112 2888.95236219 406.499364406 3126.43176658 50 13758
####### Worker started #######
====== Worker finished ======
####### Worker started #######
====== Worker finished ======
####### Worker started #######
====== Worker finished ======
####### Worker started #######
====== Worker finished ======
[ Thu Aug  4 19:31:19 2016 ] 113 3080.38173697 465.438945379 3126.43176658 50 13808
####### Worker started #######
====== Worker finished ======
####### Worker started #######
====== Worker finished ======
####### Worker started #######
====== Worker finished ======
####### Worker started #######
====== Worker finished ======
[ Thu Aug  4 19:31:37 2016 ] 114 2974.81616739 476.862470511 3126.43176658 50 13858
####### Worker started #######
====== Worker finished ======
####### Worker started #######
====== Worker finished ======
####### Worker started #######
====== Worker finished ======
####### Worker started #######
====== Worker finished ======
[ Thu Aug  4 19:31:55 2016 ] 115 2912.4637413 434.268537095 3126.43176658 50 13908
####### Worker started #######
====== Worker finished ======
####### Worker started #######
====== Worker finished ======
####### Worker started #######
====== Worker finished ======
####### Worker started #######
====== Worker finished ======
[ Thu Aug  4 19:32:10 2016 ] 116 2569.83214172 449.640903303 3126.43176658 50 13958
####### Worker started #######
====== Worker finished ======
####### Worker started #######
====== Worker finished ======
####### Worker started #######
====== Worker finished ======
####### Worker started #######
====== Worker finished ======
[ Thu Aug  4 19:32:25 2016 ] 117 2364.6980706 460.192168308 3126.43176658 50 14008
####### Worker started #######
====== Worker finished ======
####### Worker started #######
====== Worker finished ======
####### Worker started #######
====== Worker finished ======
####### Worker started #######
====== Worker finished ======
[ Thu Aug  4 19:32:42 2016 ] 118 2977.31764068 447.671239834 3126.43176658 50 14058
####### Worker started #######
====== Worker finished ======
####### Worker started #######
====== Worker finished ======
####### Worker started #######
====== Worker finished ======
####### Worker started #######
====== Worker finished ======
[ Thu Aug  4 19:32:59 2016 ] 119 2661.75266502 470.76315189 3126.43176658 50 14108
####### Worker started #######
====== Worker finished ======
####### Worker started #######
====== Worker finished ======
####### Worker started #######
====== Worker finished ======
####### Worker started #######
====== Worker finished ======
[ Thu Aug  4 19:33:16 2016 ] 120 2807.65873174 453.324621115 3126.43176658 50 14158
####### Worker started #######
====== Worker finished ======
####### Worker started #######
====== Worker finished ======
####### Worker started #######
====== Worker finished ======
####### Worker started #######
====== Worker finished ======
[ Thu Aug  4 19:33:32 2016 ] 121 2679.5951419 465.972996572 3126.43176658 50 14208
####### Worker started #######
====== Worker finished ======
####### Worker started #######
====== Worker finished ======
####### Worker started #######
====== Worker finished ======
####### Worker started #######
====== Worker finished ======
[ Thu Aug  4 19:33:49 2016 ] 122 2762.82312066 439.277019628 3126.43176658 50 14258
####### Worker started #######
====== Worker finished ======
####### Worker started #######
====== Worker finished ======
####### Worker started #######
====== Worker finished ======
####### Worker started #######
====== Worker finished ======
[ Thu Aug  4 19:34:06 2016 ] 123 2723.85965887 450.554720583 3126.43176658 50 14308
####### Worker started #######
====== Worker finished ======
####### Worker started #######
====== Worker finished ======
####### Worker started #######
====== Worker finished ======
####### Worker started #######
====== Worker finished ======
[ Thu Aug  4 19:34:25 2016 ] 124 2779.38062097 463.81064099 3126.43176658 50 14358
####### Worker started #######
====== Worker finished ======
####### Worker started #######
====== Worker finished ======
####### Worker started #######
====== Worker finished ======
####### Worker started #######
====== Worker finished ======
[ Thu Aug  4 19:34:43 2016 ] 125 2547.07850255 442.527190533 3126.43176658 50 14408
####### Worker started #######
====== Worker finished ======
####### Worker started #######
====== Worker finished ======
####### Worker started #######
====== Worker finished ======
####### Worker started #######
====== Worker finished ======
[ Thu Aug  4 19:34:58 2016 ] 126 2625.58780426 442.675325523 3126.43176658 50 14458
####### Worker started #######
====== Worker finished ======
####### Worker started #######
====== Worker finished ======
####### Worker started #######
====== Worker finished ======
####### Worker started #######
====== Worker finished ======
[ Thu Aug  4 19:35:16 2016 ] 127 3111.50965239 454.887063198 3126.43176658 50 14508
####### Worker started #######
====== Worker finished ======
####### Worker started #######
====== Worker finished ======
####### Worker started #######
====== Worker finished ======
####### Worker started #######
====== Worker finished ======
[ Thu Aug  4 19:35:34 2016 ] 128 3023.14233607 460.397405314 3126.43176658 50 14558
####### Worker started #######
====== Worker finished ======
####### Worker started #######
====== Worker finished ======
####### Worker started #######
====== Worker finished ======
####### Worker started #######
====== Worker finished ======
[ Thu Aug  4 19:35:49 2016 ] 129 2717.22571504 474.044806005 3126.43176658 50 14608
####### Worker started #######
====== Worker finished ======
####### Worker started #######
====== Worker finished ======
####### Worker started #######
====== Worker finished ======
####### Worker started #######
====== Worker finished ======
[ Thu Aug  4 19:36:06 2016 ] 130 2872.89414314 460.541175515 3126.43176658 50 14658
####### Worker started #######
====== Worker finished ======
####### Worker started #######
====== Worker finished ======
####### Worker started #######
====== Worker finished ======
####### Worker started #######
====== Worker finished ======
[ Thu Aug  4 19:36:23 2016 ] 131 2870.96537108 450.911129943 3126.43176658 50 14708
####### Worker started #######
====== Worker finished ======
####### Worker started #######
====== Worker finished ======
####### Worker started #######
====== Worker finished ======
####### Worker started #######
====== Worker finished ======
[ Thu Aug  4 19:36:41 2016 ] 132 3178.85412217 468.875871218 3126.43176658 50 14758
####### Worker started #######
====== Worker finished ======
####### Worker started #######
====== Worker finished ======
####### Worker started #######
====== Worker finished ======
####### Worker started #######
====== Worker finished ======
[ Thu Aug  4 19:36:59 2016 ] 133 3140.36305321 420.73034295 3178.85412217 50 14808
####### Worker started #######
====== Worker finished ======
####### Worker started #######
====== Worker finished ======
####### Worker started #######
====== Worker finished ======
####### Worker started #######
====== Worker finished ======
[ Thu Aug  4 19:37:14 2016 ] 134 2521.87461907 400.750844913 3178.85412217 50 14858
####### Worker started #######
====== Worker finished ======
####### Worker started #######
====== Worker finished ======
####### Worker started #######
====== Worker finished ======
####### Worker started #######
====== Worker finished ======
[ Thu Aug  4 19:37:29 2016 ] 135 2477.36928064 414.411297827 3178.85412217 50 14908
####### Worker started #######
====== Worker finished ======
####### Worker started #######
====== Worker finished ======
####### Worker started #######
====== Worker finished ======
####### Worker started #######
====== Worker finished ======
[ Thu Aug  4 19:37:47 2016 ] 136 2652.63704703 454.550518625 3178.85412217 50 14958
####### Worker started #######
====== Worker finished ======
####### Worker started #######
====== Worker finished ======
####### Worker started #######
====== Worker finished ======
####### Worker started #######
====== Worker finished ======
[ Thu Aug  4 19:38:05 2016 ] 137 2651.3839132 461.913535122 3178.85412217 50 15008
####### Worker started #######
====== Worker finished ======
####### Worker started #######
====== Worker finished ======
####### Worker started #######
====== Worker finished ======
####### Worker started #######
====== Worker finished ======
[ Thu Aug  4 19:38:21 2016 ] 138 2476.1810033 400.353210585 3178.85412217 50 15058
####### Worker started #######
====== Worker finished ======
####### Worker started #######
====== Worker finished ======
####### Worker started #######
====== Worker finished ======
####### Worker started #######
====== Worker finished ======
[ Thu Aug  4 19:38:38 2016 ] 139 2743.92320864 451.288835741 3178.85412217 50 15108
####### Worker started #######
====== Worker finished ======
####### Worker started #######
====== Worker finished ======
####### Worker started #######
====== Worker finished ======
####### Worker started #######
====== Worker finished ======
[ Thu Aug  4 19:38:57 2016 ] 140 2919.43523436 462.838833178 3178.85412217 50 15158
####### Worker started #######
====== Worker finished ======
####### Worker started #######
====== Worker finished ======
####### Worker started #######
====== Worker finished ======
####### Worker started #######
====== Worker finished ======
[ Thu Aug  4 19:39:18 2016 ] 141 2865.070115 435.44956749 3178.85412217 50 15208
####### Worker started #######
====== Worker finished ======
####### Worker started #######
====== Worker finished ======
####### Worker started #######
====== Worker finished ======
####### Worker started #######
====== Worker finished ======
[ Thu Aug  4 19:39:39 2016 ] 142 3012.4882979 426.922164116 3178.85412217 50 15258
####### Worker started #######
====== Worker finished ======
####### Worker started #######
====== Worker finished ======
####### Worker started #######
====== Worker finished ======
####### Worker started #######
====== Worker finished ======
[ Thu Aug  4 19:40:04 2016 ] 143 2982.59690319 423.049096091 3178.85412217 50 15308
####### Worker started #######
====== Worker finished ======
####### Worker started #######
====== Worker finished ======
####### Worker started #######
====== Worker finished ======
####### Worker started #######
====== Worker finished ======
[ Thu Aug  4 19:40:22 2016 ] 144 3103.33211685 428.405314581 3178.85412217 50 15358
####### Worker started #######
====== Worker finished ======
####### Worker started #######
====== Worker finished ======
####### Worker started #######
====== Worker finished ======
####### Worker started #######
====== Worker finished ======
[ Thu Aug  4 19:40:36 2016 ] 145 2210.28148741 466.321540864 3178.85412217 50 15408
####### Worker started #######
====== Worker finished ======
####### Worker started #######
====== Worker finished ======
####### Worker started #######
====== Worker finished ======
####### Worker started #######
====== Worker finished ======
[ Thu Aug  4 19:40:53 2016 ] 146 2907.58738534 457.760681127 3178.85412217 50 15458
####### Worker started #######
====== Worker finished ======
####### Worker started #######
====== Worker finished ======
####### Worker started #######
====== Worker finished ======
####### Worker started #######
====== Worker finished ======
[ Thu Aug  4 19:41:11 2016 ] 147 2969.20869902 442.71237843 3178.85412217 50 15508
####### Worker started #######
====== Worker finished ======
####### Worker started #######
====== Worker finished ======
####### Worker started #######
====== Worker finished ======
####### Worker started #######
====== Worker finished ======
[ Thu Aug  4 19:41:30 2016 ] 148 3080.48653948 427.200121765 3178.85412217 50 15558
####### Worker started #######
====== Worker finished ======
####### Worker started #######
====== Worker finished ======
####### Worker started #######
====== Worker finished ======
####### Worker started #######
====== Worker finished ======
[ Thu Aug  4 19:41:48 2016 ] 149 2815.90087995 420.982349814 3178.85412217 50 15608
####### Worker started #######
====== Worker finished ======
####### Worker started #######
====== Worker finished ======
####### Worker started #######
====== Worker finished ======
####### Worker started #######
====== Worker finished ======
[ Thu Aug  4 19:42:06 2016 ] 150 2705.91859643 421.214164082 3178.85412217 50 15658
Total time taken =  2544.11250997
